<?xml version="1.0" encoding="UTF-8"?>
<testsuite xmlns:xsi="http://www.w3.org/2001/XMLSchema-instance" xsi:noNamespaceSchemaLocation="https://maven.apache.org/surefire/maven-surefire-plugin/xsd/surefire-test-report.xsd" name="it.its.nttdata.demo.test.FirstJunitTest" time="14.618" tests="6" errors="0" skipped="1" failures="0">
  <properties>
    <property name="sun.desktop" value="windows"/>
    <property name="awt.toolkit" value="sun.awt.windows.WToolkit"/>
    <property name="file.encoding.pkg" value="sun.io"/>
    <property name="java.specification.version" value="1.8"/>
    <property name="sun.cpu.isalist" value="amd64"/>
    <property name="sun.jnu.encoding" value="Cp1252"/>
    <property name="java.class.path" value="C:\Users\U-11\Desktop\NTTRepo\knife-swagger-api\target\test-classes;C:\Users\U-11\Desktop\NTTRepo\knife-swagger-api\target\classes;C:\Users\U-11\.m2\repository\org\springframework\boot\spring-boot-starter-web\2.4.13\spring-boot-starter-web-2.4.13.jar;C:\Users\U-11\.m2\repository\org\springframework\boot\spring-boot-starter\2.4.13\spring-boot-starter-2.4.13.jar;C:\Users\U-11\.m2\repository\org\springframework\boot\spring-boot\2.4.13\spring-boot-2.4.13.jar;C:\Users\U-11\.m2\repository\org\springframework\boot\spring-boot-autoconfigure\2.4.13\spring-boot-autoconfigure-2.4.13.jar;C:\Users\U-11\.m2\repository\org\springframework\boot\spring-boot-starter-logging\2.4.13\spring-boot-starter-logging-2.4.13.jar;C:\Users\U-11\.m2\repository\ch\qos\logback\logback-classic\1.2.7\logback-classic-1.2.7.jar;C:\Users\U-11\.m2\repository\ch\qos\logback\logback-core\1.2.7\logback-core-1.2.7.jar;C:\Users\U-11\.m2\repository\org\apache\logging\log4j\log4j-to-slf4j\2.13.3\log4j-to-slf4j-2.13.3.jar;C:\Users\U-11\.m2\repository\org\apache\logging\log4j\log4j-api\2.13.3\log4j-api-2.13.3.jar;C:\Users\U-11\.m2\repository\org\slf4j\jul-to-slf4j\1.7.32\jul-to-slf4j-1.7.32.jar;C:\Users\U-11\.m2\repository\org\yaml\snakeyaml\1.27\snakeyaml-1.27.jar;C:\Users\U-11\.m2\repository\org\springframework\boot\spring-boot-starter-json\2.4.13\spring-boot-starter-json-2.4.13.jar;C:\Users\U-11\.m2\repository\com\fasterxml\jackson\datatype\jackson-datatype-jdk8\2.11.4\jackson-datatype-jdk8-2.11.4.jar;C:\Users\U-11\.m2\repository\com\fasterxml\jackson\datatype\jackson-datatype-jsr310\2.11.4\jackson-datatype-jsr310-2.11.4.jar;C:\Users\U-11\.m2\repository\com\fasterxml\jackson\module\jackson-module-parameter-names\2.11.4\jackson-module-parameter-names-2.11.4.jar;C:\Users\U-11\.m2\repository\org\springframework\spring-web\5.3.13\spring-web-5.3.13.jar;C:\Users\U-11\.m2\repository\org\springframework\spring-webmvc\5.3.13\spring-webmvc-5.3.13.jar;C:\Users\U-11\.m2\repository\org\springframework\spring-expression\5.3.13\spring-expression-5.3.13.jar;C:\Users\U-11\.m2\repository\org\springframework\boot\spring-boot-starter-tomcat\2.4.13\spring-boot-starter-tomcat-2.4.13.jar;C:\Users\U-11\.m2\repository\jakarta\annotation\jakarta.annotation-api\1.3.5\jakarta.annotation-api-1.3.5.jar;C:\Users\U-11\.m2\repository\org\apache\tomcat\embed\tomcat-embed-core\9.0.55\tomcat-embed-core-9.0.55.jar;C:\Users\U-11\.m2\repository\org\glassfish\jakarta.el\3.0.4\jakarta.el-3.0.4.jar;C:\Users\U-11\.m2\repository\org\apache\tomcat\embed\tomcat-embed-websocket\9.0.55\tomcat-embed-websocket-9.0.55.jar;C:\Users\U-11\.m2\repository\io\springfox\springfox-swagger2\2.7.0\springfox-swagger2-2.7.0.jar;C:\Users\U-11\.m2\repository\io\swagger\swagger-annotations\1.5.13\swagger-annotations-1.5.13.jar;C:\Users\U-11\.m2\repository\io\swagger\swagger-models\1.5.13\swagger-models-1.5.13.jar;C:\Users\U-11\.m2\repository\com\fasterxml\jackson\core\jackson-annotations\2.11.4\jackson-annotations-2.11.4.jar;C:\Users\U-11\.m2\repository\io\springfox\springfox-spi\2.7.0\springfox-spi-2.7.0.jar;C:\Users\U-11\.m2\repository\io\springfox\springfox-core\2.7.0\springfox-core-2.7.0.jar;C:\Users\U-11\.m2\repository\io\springfox\springfox-schema\2.7.0\springfox-schema-2.7.0.jar;C:\Users\U-11\.m2\repository\io\springfox\springfox-swagger-common\2.7.0\springfox-swagger-common-2.7.0.jar;C:\Users\U-11\.m2\repository\io\springfox\springfox-spring-web\2.7.0\springfox-spring-web-2.7.0.jar;C:\Users\U-11\.m2\repository\org\reflections\reflections\0.9.11\reflections-0.9.11.jar;C:\Users\U-11\.m2\repository\com\google\guava\guava\18.0\guava-18.0.jar;C:\Users\U-11\.m2\repository\com\fasterxml\classmate\1.5.1\classmate-1.5.1.jar;C:\Users\U-11\.m2\repository\org\slf4j\slf4j-api\1.7.32\slf4j-api-1.7.32.jar;C:\Users\U-11\.m2\repository\org\springframework\plugin\spring-plugin-core\1.2.0.RELEASE\spring-plugin-core-1.2.0.RELEASE.jar;C:\Users\U-11\.m2\repository\org\springframework\plugin\spring-plugin-metadata\1.2.0.RELEASE\spring-plugin-metadata-1.2.0.RELEASE.jar;C:\Users\U-11\.m2\repository\org\mapstruct\mapstruct\1.1.0.Final\mapstruct-1.1.0.Final.jar;C:\Users\U-11\.m2\repository\io\springfox\springfox-swagger-ui\2.7.0\springfox-swagger-ui-2.7.0.jar;C:\Users\U-11\.m2\repository\com\github\joschi\jackson\jackson-datatype-threetenbp\2.6.4\jackson-datatype-threetenbp-2.6.4.jar;C:\Users\U-11\.m2\repository\org\threeten\threetenbp\1.3.1\threetenbp-1.3.1.jar;C:\Users\U-11\.m2\repository\com\fasterxml\jackson\core\jackson-core\2.11.4\jackson-core-2.11.4.jar;C:\Users\U-11\.m2\repository\com\fasterxml\jackson\core\jackson-databind\2.11.4\jackson-databind-2.11.4.jar;C:\Users\U-11\.m2\repository\javax\validation\validation-api\2.0.1.Final\validation-api-2.0.1.Final.jar;C:\Users\U-11\.m2\repository\org\springframework\boot\spring-boot-starter-test\2.4.13\spring-boot-starter-test-2.4.13.jar;C:\Users\U-11\.m2\repository\org\springframework\boot\spring-boot-test\2.4.13\spring-boot-test-2.4.13.jar;C:\Users\U-11\.m2\repository\org\springframework\boot\spring-boot-test-autoconfigure\2.4.13\spring-boot-test-autoconfigure-2.4.13.jar;C:\Users\U-11\.m2\repository\com\jayway\jsonpath\json-path\2.4.0\json-path-2.4.0.jar;C:\Users\U-11\.m2\repository\net\minidev\json-smart\2.3.1\json-smart-2.3.1.jar;C:\Users\U-11\.m2\repository\net\minidev\accessors-smart\2.3.1\accessors-smart-2.3.1.jar;C:\Users\U-11\.m2\repository\org\ow2\asm\asm\5.0.4\asm-5.0.4.jar;C:\Users\U-11\.m2\repository\jakarta\xml\bind\jakarta.xml.bind-api\2.3.3\jakarta.xml.bind-api-2.3.3.jar;C:\Users\U-11\.m2\repository\jakarta\activation\jakarta.activation-api\1.2.2\jakarta.activation-api-1.2.2.jar;C:\Users\U-11\.m2\repository\org\assertj\assertj-core\3.18.1\assertj-core-3.18.1.jar;C:\Users\U-11\.m2\repository\org\hamcrest\hamcrest\2.2\hamcrest-2.2.jar;C:\Users\U-11\.m2\repository\org\junit\jupiter\junit-jupiter\5.7.2\junit-jupiter-5.7.2.jar;C:\Users\U-11\.m2\repository\org\junit\jupiter\junit-jupiter-params\5.7.2\junit-jupiter-params-5.7.2.jar;C:\Users\U-11\.m2\repository\org\junit\jupiter\junit-jupiter-engine\5.7.2\junit-jupiter-engine-5.7.2.jar;C:\Users\U-11\.m2\repository\org\junit\platform\junit-platform-engine\1.7.2\junit-platform-engine-1.7.2.jar;C:\Users\U-11\.m2\repository\org\mockito\mockito-junit-jupiter\3.6.28\mockito-junit-jupiter-3.6.28.jar;C:\Users\U-11\.m2\repository\org\skyscreamer\jsonassert\1.5.0\jsonassert-1.5.0.jar;C:\Users\U-11\.m2\repository\com\vaadin\external\google\android-json\0.0.20131108.vaadin1\android-json-0.0.20131108.vaadin1.jar;C:\Users\U-11\.m2\repository\org\springframework\spring-core\5.3.13\spring-core-5.3.13.jar;C:\Users\U-11\.m2\repository\org\springframework\spring-jcl\5.3.13\spring-jcl-5.3.13.jar;C:\Users\U-11\.m2\repository\org\springframework\spring-test\5.3.13\spring-test-5.3.13.jar;C:\Users\U-11\.m2\repository\org\xmlunit\xmlunit-core\2.7.0\xmlunit-core-2.7.0.jar;C:\Users\U-11\.m2\repository\javax\xml\bind\jaxb-api\2.3.1\jaxb-api-2.3.1.jar;C:\Users\U-11\.m2\repository\javax\activation\javax.activation-api\1.2.0\javax.activation-api-1.2.0.jar;C:\Users\U-11\.m2\repository\org\glassfish\jaxb\jaxb-runtime\2.3.5\jaxb-runtime-2.3.5.jar;C:\Users\U-11\.m2\repository\org\glassfish\jaxb\txw2\2.3.5\txw2-2.3.5.jar;C:\Users\U-11\.m2\repository\com\sun\istack\istack-commons-runtime\3.0.12\istack-commons-runtime-3.0.12.jar;C:\Users\U-11\.m2\repository\com\sun\activation\jakarta.activation\1.2.2\jakarta.activation-1.2.2.jar;C:\Users\U-11\.m2\repository\org\springframework\cloud\spring-cloud-starter-netflix-eureka-client\3.0.1\spring-cloud-starter-netflix-eureka-client-3.0.1.jar;C:\Users\U-11\.m2\repository\org\springframework\cloud\spring-cloud-starter\3.0.1\spring-cloud-starter-3.0.1.jar;C:\Users\U-11\.m2\repository\org\springframework\cloud\spring-cloud-context\3.0.1\spring-cloud-context-3.0.1.jar;C:\Users\U-11\.m2\repository\org\springframework\security\spring-security-crypto\5.4.9\spring-security-crypto-5.4.9.jar;C:\Users\U-11\.m2\repository\org\springframework\cloud\spring-cloud-commons\3.0.1\spring-cloud-commons-3.0.1.jar;C:\Users\U-11\.m2\repository\org\springframework\security\spring-security-rsa\1.0.9.RELEASE\spring-security-rsa-1.0.9.RELEASE.jar;C:\Users\U-11\.m2\repository\org\bouncycastle\bcpkix-jdk15on\1.64\bcpkix-jdk15on-1.64.jar;C:\Users\U-11\.m2\repository\org\bouncycastle\bcprov-jdk15on\1.64\bcprov-jdk15on-1.64.jar;C:\Users\U-11\.m2\repository\org\springframework\cloud\spring-cloud-netflix-eureka-client\3.0.1\spring-cloud-netflix-eureka-client-3.0.1.jar;C:\Users\U-11\.m2\repository\com\netflix\eureka\eureka-client\1.10.11\eureka-client-1.10.11.jar;C:\Users\U-11\.m2\repository\com\netflix\netflix-commons\netflix-eventbus\0.3.0\netflix-eventbus-0.3.0.jar;C:\Users\U-11\.m2\repository\com\netflix\netflix-commons\netflix-infix\0.3.0\netflix-infix-0.3.0.jar;C:\Users\U-11\.m2\repository\commons-jxpath\commons-jxpath\1.3\commons-jxpath-1.3.jar;C:\Users\U-11\.m2\repository\joda-time\joda-time\2.3\joda-time-2.3.jar;C:\Users\U-11\.m2\repository\org\antlr\antlr-runtime\3.4\antlr-runtime-3.4.jar;C:\Users\U-11\.m2\repository\org\antlr\stringtemplate\3.2.1\stringtemplate-3.2.1.jar;C:\Users\U-11\.m2\repository\com\google\code\gson\gson\2.8.9\gson-2.8.9.jar;C:\Users\U-11\.m2\repository\org\apache\commons\commons-math\2.2\commons-math-2.2.jar;C:\Users\U-11\.m2\repository\com\thoughtworks\xstream\xstream\1.4.14\xstream-1.4.14.jar;C:\Users\U-11\.m2\repository\xmlpull\xmlpull\1.1.3.1\xmlpull-1.1.3.1.jar;C:\Users\U-11\.m2\repository\xpp3\xpp3_min\1.1.4c\xpp3_min-1.1.4c.jar;C:\Users\U-11\.m2\repository\javax\ws\rs\jsr311-api\1.1.1\jsr311-api-1.1.1.jar;C:\Users\U-11\.m2\repository\com\netflix\servo\servo-core\0.12.21\servo-core-0.12.21.jar;C:\Users\U-11\.m2\repository\org\apache\httpcomponents\httpclient\4.5.13\httpclient-4.5.13.jar;C:\Users\U-11\.m2\repository\org\apache\httpcomponents\httpcore\4.4.14\httpcore-4.4.14.jar;C:\Users\U-11\.m2\repository\commons-codec\commons-codec\1.15\commons-codec-1.15.jar;C:\Users\U-11\.m2\repository\commons-configuration\commons-configuration\1.10\commons-configuration-1.10.jar;C:\Users\U-11\.m2\repository\commons-lang\commons-lang\2.6\commons-lang-2.6.jar;C:\Users\U-11\.m2\repository\com\google\inject\guice\4.1.0\guice-4.1.0.jar;C:\Users\U-11\.m2\repository\javax\inject\javax.inject\1\javax.inject-1.jar;C:\Users\U-11\.m2\repository\aopalliance\aopalliance\1.0\aopalliance-1.0.jar;C:\Users\U-11\.m2\repository\com\netflix\eureka\eureka-core\1.10.11\eureka-core-1.10.11.jar;C:\Users\U-11\.m2\repository\com\fasterxml\woodstox\woodstox-core\5.3.0\woodstox-core-5.3.0.jar;C:\Users\U-11\.m2\repository\org\codehaus\woodstox\stax2-api\4.2\stax2-api-4.2.jar;C:\Users\U-11\.m2\repository\org\springframework\cloud\spring-cloud-starter-loadbalancer\3.0.1\spring-cloud-starter-loadbalancer-3.0.1.jar;C:\Users\U-11\.m2\repository\org\springframework\cloud\spring-cloud-loadbalancer\3.0.1\spring-cloud-loadbalancer-3.0.1.jar;C:\Users\U-11\.m2\repository\org\springframework\boot\spring-boot-starter-validation\2.4.13\spring-boot-starter-validation-2.4.13.jar;C:\Users\U-11\.m2\repository\org\hibernate\validator\hibernate-validator\6.1.7.Final\hibernate-validator-6.1.7.Final.jar;C:\Users\U-11\.m2\repository\jakarta\validation\jakarta.validation-api\2.0.2\jakarta.validation-api-2.0.2.jar;C:\Users\U-11\.m2\repository\io\projectreactor\reactor-core\3.4.12\reactor-core-3.4.12.jar;C:\Users\U-11\.m2\repository\org\reactivestreams\reactive-streams\1.0.3\reactive-streams-1.0.3.jar;C:\Users\U-11\.m2\repository\io\projectreactor\addons\reactor-extra\3.4.5\reactor-extra-3.4.5.jar;C:\Users\U-11\.m2\repository\org\springframework\boot\spring-boot-starter-cache\2.4.13\spring-boot-starter-cache-2.4.13.jar;C:\Users\U-11\.m2\repository\org\springframework\spring-context-support\5.3.13\spring-context-support-5.3.13.jar;C:\Users\U-11\.m2\repository\com\stoyanr\evictor\1.0.0\evictor-1.0.0.jar;C:\Users\U-11\.m2\repository\org\springframework\cloud\spring-cloud-starter-config\3.0.2\spring-cloud-starter-config-3.0.2.jar;C:\Users\U-11\.m2\repository\org\springframework\cloud\spring-cloud-config-client\3.0.2\spring-cloud-config-client-3.0.2.jar;C:\Users\U-11\.m2\repository\org\springframework\boot\spring-boot-starter-actuator\2.4.13\spring-boot-starter-actuator-2.4.13.jar;C:\Users\U-11\.m2\repository\org\springframework\boot\spring-boot-actuator-autoconfigure\2.4.13\spring-boot-actuator-autoconfigure-2.4.13.jar;C:\Users\U-11\.m2\repository\org\springframework\boot\spring-boot-actuator\2.4.13\spring-boot-actuator-2.4.13.jar;C:\Users\U-11\.m2\repository\io\micrometer\micrometer-core\1.6.13\micrometer-core-1.6.13.jar;C:\Users\U-11\.m2\repository\org\hdrhistogram\HdrHistogram\2.1.12\HdrHistogram-2.1.12.jar;C:\Users\U-11\.m2\repository\org\latencyutils\LatencyUtils\2.0.3\LatencyUtils-2.0.3.jar;C:\Users\U-11\.m2\repository\org\springframework\boot\spring-boot-starter-data-jpa\2.4.13\spring-boot-starter-data-jpa-2.4.13.jar;C:\Users\U-11\.m2\repository\org\springframework\boot\spring-boot-starter-aop\2.4.13\spring-boot-starter-aop-2.4.13.jar;C:\Users\U-11\.m2\repository\org\aspectj\aspectjweaver\1.9.7\aspectjweaver-1.9.7.jar;C:\Users\U-11\.m2\repository\org\springframework\boot\spring-boot-starter-jdbc\2.4.13\spring-boot-starter-jdbc-2.4.13.jar;C:\Users\U-11\.m2\repository\com\zaxxer\HikariCP\3.4.5\HikariCP-3.4.5.jar;C:\Users\U-11\.m2\repository\jakarta\transaction\jakarta.transaction-api\1.3.3\jakarta.transaction-api-1.3.3.jar;C:\Users\U-11\.m2\repository\jakarta\persistence\jakarta.persistence-api\2.2.3\jakarta.persistence-api-2.2.3.jar;C:\Users\U-11\.m2\repository\org\hibernate\hibernate-core\5.4.32.Final\hibernate-core-5.4.32.Final.jar;C:\Users\U-11\.m2\repository\org\jboss\logging\jboss-logging\3.4.2.Final\jboss-logging-3.4.2.Final.jar;C:\Users\U-11\.m2\repository\org\javassist\javassist\3.27.0-GA\javassist-3.27.0-GA.jar;C:\Users\U-11\.m2\repository\antlr\antlr\2.7.7\antlr-2.7.7.jar;C:\Users\U-11\.m2\repository\org\jboss\jandex\2.2.3.Final\jandex-2.2.3.Final.jar;C:\Users\U-11\.m2\repository\org\dom4j\dom4j\2.1.3\dom4j-2.1.3.jar;C:\Users\U-11\.m2\repository\org\hibernate\common\hibernate-commons-annotations\5.1.2.Final\hibernate-commons-annotations-5.1.2.Final.jar;C:\Users\U-11\.m2\repository\org\springframework\data\spring-data-jpa\2.4.15\spring-data-jpa-2.4.15.jar;C:\Users\U-11\.m2\repository\org\springframework\data\spring-data-commons\2.4.15\spring-data-commons-2.4.15.jar;C:\Users\U-11\.m2\repository\org\springframework\spring-orm\5.3.13\spring-orm-5.3.13.jar;C:\Users\U-11\.m2\repository\org\springframework\spring-aspects\5.3.13\spring-aspects-5.3.13.jar;C:\Users\U-11\.m2\repository\org\postgresql\postgresql\42.2.24\postgresql-42.2.24.jar;C:\Users\U-11\.m2\repository\org\checkerframework\checker-qual\3.5.0\checker-qual-3.5.0.jar;C:\Users\U-11\.m2\repository\org\xerial\sqlite-jdbc\3.32.3.3\sqlite-jdbc-3.32.3.3.jar;C:\Users\U-11\.m2\repository\org\springframework\spring-oxm\5.3.13\spring-oxm-5.3.13.jar;C:\Users\U-11\.m2\repository\org\springframework\spring-beans\5.3.13\spring-beans-5.3.13.jar;C:\Users\U-11\.m2\repository\org\springframework\spring-jdbc\5.3.13\spring-jdbc-5.3.13.jar;C:\Users\U-11\.m2\repository\org\springframework\spring-tx\5.3.13\spring-tx-5.3.13.jar;C:\Users\U-11\.m2\repository\org\springframework\batch\spring-batch-core\4.3.4\spring-batch-core-4.3.4.jar;C:\Users\U-11\.m2\repository\javax\batch\javax.batch-api\1.0\javax.batch-api-1.0.jar;C:\Users\U-11\.m2\repository\org\codehaus\jettison\jettison\1.2\jettison-1.2.jar;C:\Users\U-11\.m2\repository\org\springframework\batch\spring-batch-infrastructure\4.3.4\spring-batch-infrastructure-4.3.4.jar;C:\Users\U-11\.m2\repository\org\springframework\retry\spring-retry\1.3.1\spring-retry-1.3.1.jar;C:\Users\U-11\.m2\repository\org\springframework\spring-aop\5.3.13\spring-aop-5.3.13.jar;C:\Users\U-11\.m2\repository\org\springframework\spring-context\5.3.13\spring-context-5.3.13.jar;C:\Users\U-11\.m2\repository\org\junit\platform\junit-platform-commons\1.7.2\junit-platform-commons-1.7.2.jar;C:\Users\U-11\.m2\repository\org\apiguardian\apiguardian-api\1.1.0\apiguardian-api-1.1.0.jar;C:\Users\U-11\.m2\repository\org\junit\jupiter\junit-jupiter-api\5.7.2\junit-jupiter-api-5.7.2.jar;C:\Users\U-11\.m2\repository\org\opentest4j\opentest4j\1.2.0\opentest4j-1.2.0.jar;C:\Users\U-11\.m2\repository\org\mockito\mockito-core\3.6.28\mockito-core-3.6.28.jar;C:\Users\U-11\.m2\repository\net\bytebuddy\byte-buddy\1.10.22\byte-buddy-1.10.22.jar;C:\Users\U-11\.m2\repository\net\bytebuddy\byte-buddy-agent\1.10.22\byte-buddy-agent-1.10.22.jar;C:\Users\U-11\.m2\repository\org\objenesis\objenesis\3.1\objenesis-3.1.jar;C:\Users\U-11\.m2\repository\junit\junit\4.13.2\junit-4.13.2.jar;C:\Users\U-11\.m2\repository\org\hamcrest\hamcrest-core\2.2\hamcrest-core-2.2.jar;"/>
    <property name="java.vm.vendor" value="Oracle Corporation"/>
    <property name="sun.arch.data.model" value="64"/>
    <property name="user.variant" value=""/>
    <property name="java.vendor.url" value="http://java.oracle.com/"/>
    <property name="user.timezone" value="Europe/Berlin"/>
    <property name="java.vm.specification.version" value="1.8"/>
    <property name="os.name" value="Windows 10"/>
    <property name="user.country" value="IT"/>
    <property name="sun.java.launcher" value="SUN_STANDARD"/>
    <property name="sun.boot.library.path" value="C:\Program Files\Java\jdk1.8.0_202\jre\bin"/>
    <property name="sun.java.command" value="C:\Users\U-11\AppData\Local\Temp\surefire5983642783818870863\surefirebooter1032626583166693454.jar C:\Users\U-11\AppData\Local\Temp\surefire5983642783818870863 2023-03-03T15-00-01_832-jvmRun1 surefire7092109331575286915tmp surefire_02988421710512900753tmp"/>
    <property name="surefire.test.class.path" value="C:\Users\U-11\Desktop\NTTRepo\knife-swagger-api\target\test-classes;C:\Users\U-11\Desktop\NTTRepo\knife-swagger-api\target\classes;C:\Users\U-11\.m2\repository\org\springframework\boot\spring-boot-starter-web\2.4.13\spring-boot-starter-web-2.4.13.jar;C:\Users\U-11\.m2\repository\org\springframework\boot\spring-boot-starter\2.4.13\spring-boot-starter-2.4.13.jar;C:\Users\U-11\.m2\repository\org\springframework\boot\spring-boot\2.4.13\spring-boot-2.4.13.jar;C:\Users\U-11\.m2\repository\org\springframework\boot\spring-boot-autoconfigure\2.4.13\spring-boot-autoconfigure-2.4.13.jar;C:\Users\U-11\.m2\repository\org\springframework\boot\spring-boot-starter-logging\2.4.13\spring-boot-starter-logging-2.4.13.jar;C:\Users\U-11\.m2\repository\ch\qos\logback\logback-classic\1.2.7\logback-classic-1.2.7.jar;C:\Users\U-11\.m2\repository\ch\qos\logback\logback-core\1.2.7\logback-core-1.2.7.jar;C:\Users\U-11\.m2\repository\org\apache\logging\log4j\log4j-to-slf4j\2.13.3\log4j-to-slf4j-2.13.3.jar;C:\Users\U-11\.m2\repository\org\apache\logging\log4j\log4j-api\2.13.3\log4j-api-2.13.3.jar;C:\Users\U-11\.m2\repository\org\slf4j\jul-to-slf4j\1.7.32\jul-to-slf4j-1.7.32.jar;C:\Users\U-11\.m2\repository\org\yaml\snakeyaml\1.27\snakeyaml-1.27.jar;C:\Users\U-11\.m2\repository\org\springframework\boot\spring-boot-starter-json\2.4.13\spring-boot-starter-json-2.4.13.jar;C:\Users\U-11\.m2\repository\com\fasterxml\jackson\datatype\jackson-datatype-jdk8\2.11.4\jackson-datatype-jdk8-2.11.4.jar;C:\Users\U-11\.m2\repository\com\fasterxml\jackson\datatype\jackson-datatype-jsr310\2.11.4\jackson-datatype-jsr310-2.11.4.jar;C:\Users\U-11\.m2\repository\com\fasterxml\jackson\module\jackson-module-parameter-names\2.11.4\jackson-module-parameter-names-2.11.4.jar;C:\Users\U-11\.m2\repository\org\springframework\spring-web\5.3.13\spring-web-5.3.13.jar;C:\Users\U-11\.m2\repository\org\springframework\spring-webmvc\5.3.13\spring-webmvc-5.3.13.jar;C:\Users\U-11\.m2\repository\org\springframework\spring-expression\5.3.13\spring-expression-5.3.13.jar;C:\Users\U-11\.m2\repository\org\springframework\boot\spring-boot-starter-tomcat\2.4.13\spring-boot-starter-tomcat-2.4.13.jar;C:\Users\U-11\.m2\repository\jakarta\annotation\jakarta.annotation-api\1.3.5\jakarta.annotation-api-1.3.5.jar;C:\Users\U-11\.m2\repository\org\apache\tomcat\embed\tomcat-embed-core\9.0.55\tomcat-embed-core-9.0.55.jar;C:\Users\U-11\.m2\repository\org\glassfish\jakarta.el\3.0.4\jakarta.el-3.0.4.jar;C:\Users\U-11\.m2\repository\org\apache\tomcat\embed\tomcat-embed-websocket\9.0.55\tomcat-embed-websocket-9.0.55.jar;C:\Users\U-11\.m2\repository\io\springfox\springfox-swagger2\2.7.0\springfox-swagger2-2.7.0.jar;C:\Users\U-11\.m2\repository\io\swagger\swagger-annotations\1.5.13\swagger-annotations-1.5.13.jar;C:\Users\U-11\.m2\repository\io\swagger\swagger-models\1.5.13\swagger-models-1.5.13.jar;C:\Users\U-11\.m2\repository\com\fasterxml\jackson\core\jackson-annotations\2.11.4\jackson-annotations-2.11.4.jar;C:\Users\U-11\.m2\repository\io\springfox\springfox-spi\2.7.0\springfox-spi-2.7.0.jar;C:\Users\U-11\.m2\repository\io\springfox\springfox-core\2.7.0\springfox-core-2.7.0.jar;C:\Users\U-11\.m2\repository\io\springfox\springfox-schema\2.7.0\springfox-schema-2.7.0.jar;C:\Users\U-11\.m2\repository\io\springfox\springfox-swagger-common\2.7.0\springfox-swagger-common-2.7.0.jar;C:\Users\U-11\.m2\repository\io\springfox\springfox-spring-web\2.7.0\springfox-spring-web-2.7.0.jar;C:\Users\U-11\.m2\repository\org\reflections\reflections\0.9.11\reflections-0.9.11.jar;C:\Users\U-11\.m2\repository\com\google\guava\guava\18.0\guava-18.0.jar;C:\Users\U-11\.m2\repository\com\fasterxml\classmate\1.5.1\classmate-1.5.1.jar;C:\Users\U-11\.m2\repository\org\slf4j\slf4j-api\1.7.32\slf4j-api-1.7.32.jar;C:\Users\U-11\.m2\repository\org\springframework\plugin\spring-plugin-core\1.2.0.RELEASE\spring-plugin-core-1.2.0.RELEASE.jar;C:\Users\U-11\.m2\repository\org\springframework\plugin\spring-plugin-metadata\1.2.0.RELEASE\spring-plugin-metadata-1.2.0.RELEASE.jar;C:\Users\U-11\.m2\repository\org\mapstruct\mapstruct\1.1.0.Final\mapstruct-1.1.0.Final.jar;C:\Users\U-11\.m2\repository\io\springfox\springfox-swagger-ui\2.7.0\springfox-swagger-ui-2.7.0.jar;C:\Users\U-11\.m2\repository\com\github\joschi\jackson\jackson-datatype-threetenbp\2.6.4\jackson-datatype-threetenbp-2.6.4.jar;C:\Users\U-11\.m2\repository\org\threeten\threetenbp\1.3.1\threetenbp-1.3.1.jar;C:\Users\U-11\.m2\repository\com\fasterxml\jackson\core\jackson-core\2.11.4\jackson-core-2.11.4.jar;C:\Users\U-11\.m2\repository\com\fasterxml\jackson\core\jackson-databind\2.11.4\jackson-databind-2.11.4.jar;C:\Users\U-11\.m2\repository\javax\validation\validation-api\2.0.1.Final\validation-api-2.0.1.Final.jar;C:\Users\U-11\.m2\repository\org\springframework\boot\spring-boot-starter-test\2.4.13\spring-boot-starter-test-2.4.13.jar;C:\Users\U-11\.m2\repository\org\springframework\boot\spring-boot-test\2.4.13\spring-boot-test-2.4.13.jar;C:\Users\U-11\.m2\repository\org\springframework\boot\spring-boot-test-autoconfigure\2.4.13\spring-boot-test-autoconfigure-2.4.13.jar;C:\Users\U-11\.m2\repository\com\jayway\jsonpath\json-path\2.4.0\json-path-2.4.0.jar;C:\Users\U-11\.m2\repository\net\minidev\json-smart\2.3.1\json-smart-2.3.1.jar;C:\Users\U-11\.m2\repository\net\minidev\accessors-smart\2.3.1\accessors-smart-2.3.1.jar;C:\Users\U-11\.m2\repository\org\ow2\asm\asm\5.0.4\asm-5.0.4.jar;C:\Users\U-11\.m2\repository\jakarta\xml\bind\jakarta.xml.bind-api\2.3.3\jakarta.xml.bind-api-2.3.3.jar;C:\Users\U-11\.m2\repository\jakarta\activation\jakarta.activation-api\1.2.2\jakarta.activation-api-1.2.2.jar;C:\Users\U-11\.m2\repository\org\assertj\assertj-core\3.18.1\assertj-core-3.18.1.jar;C:\Users\U-11\.m2\repository\org\hamcrest\hamcrest\2.2\hamcrest-2.2.jar;C:\Users\U-11\.m2\repository\org\junit\jupiter\junit-jupiter\5.7.2\junit-jupiter-5.7.2.jar;C:\Users\U-11\.m2\repository\org\junit\jupiter\junit-jupiter-params\5.7.2\junit-jupiter-params-5.7.2.jar;C:\Users\U-11\.m2\repository\org\junit\jupiter\junit-jupiter-engine\5.7.2\junit-jupiter-engine-5.7.2.jar;C:\Users\U-11\.m2\repository\org\junit\platform\junit-platform-engine\1.7.2\junit-platform-engine-1.7.2.jar;C:\Users\U-11\.m2\repository\org\mockito\mockito-junit-jupiter\3.6.28\mockito-junit-jupiter-3.6.28.jar;C:\Users\U-11\.m2\repository\org\skyscreamer\jsonassert\1.5.0\jsonassert-1.5.0.jar;C:\Users\U-11\.m2\repository\com\vaadin\external\google\android-json\0.0.20131108.vaadin1\android-json-0.0.20131108.vaadin1.jar;C:\Users\U-11\.m2\repository\org\springframework\spring-core\5.3.13\spring-core-5.3.13.jar;C:\Users\U-11\.m2\repository\org\springframework\spring-jcl\5.3.13\spring-jcl-5.3.13.jar;C:\Users\U-11\.m2\repository\org\springframework\spring-test\5.3.13\spring-test-5.3.13.jar;C:\Users\U-11\.m2\repository\org\xmlunit\xmlunit-core\2.7.0\xmlunit-core-2.7.0.jar;C:\Users\U-11\.m2\repository\javax\xml\bind\jaxb-api\2.3.1\jaxb-api-2.3.1.jar;C:\Users\U-11\.m2\repository\javax\activation\javax.activation-api\1.2.0\javax.activation-api-1.2.0.jar;C:\Users\U-11\.m2\repository\org\glassfish\jaxb\jaxb-runtime\2.3.5\jaxb-runtime-2.3.5.jar;C:\Users\U-11\.m2\repository\org\glassfish\jaxb\txw2\2.3.5\txw2-2.3.5.jar;C:\Users\U-11\.m2\repository\com\sun\istack\istack-commons-runtime\3.0.12\istack-commons-runtime-3.0.12.jar;C:\Users\U-11\.m2\repository\com\sun\activation\jakarta.activation\1.2.2\jakarta.activation-1.2.2.jar;C:\Users\U-11\.m2\repository\org\springframework\cloud\spring-cloud-starter-netflix-eureka-client\3.0.1\spring-cloud-starter-netflix-eureka-client-3.0.1.jar;C:\Users\U-11\.m2\repository\org\springframework\cloud\spring-cloud-starter\3.0.1\spring-cloud-starter-3.0.1.jar;C:\Users\U-11\.m2\repository\org\springframework\cloud\spring-cloud-context\3.0.1\spring-cloud-context-3.0.1.jar;C:\Users\U-11\.m2\repository\org\springframework\security\spring-security-crypto\5.4.9\spring-security-crypto-5.4.9.jar;C:\Users\U-11\.m2\repository\org\springframework\cloud\spring-cloud-commons\3.0.1\spring-cloud-commons-3.0.1.jar;C:\Users\U-11\.m2\repository\org\springframework\security\spring-security-rsa\1.0.9.RELEASE\spring-security-rsa-1.0.9.RELEASE.jar;C:\Users\U-11\.m2\repository\org\bouncycastle\bcpkix-jdk15on\1.64\bcpkix-jdk15on-1.64.jar;C:\Users\U-11\.m2\repository\org\bouncycastle\bcprov-jdk15on\1.64\bcprov-jdk15on-1.64.jar;C:\Users\U-11\.m2\repository\org\springframework\cloud\spring-cloud-netflix-eureka-client\3.0.1\spring-cloud-netflix-eureka-client-3.0.1.jar;C:\Users\U-11\.m2\repository\com\netflix\eureka\eureka-client\1.10.11\eureka-client-1.10.11.jar;C:\Users\U-11\.m2\repository\com\netflix\netflix-commons\netflix-eventbus\0.3.0\netflix-eventbus-0.3.0.jar;C:\Users\U-11\.m2\repository\com\netflix\netflix-commons\netflix-infix\0.3.0\netflix-infix-0.3.0.jar;C:\Users\U-11\.m2\repository\commons-jxpath\commons-jxpath\1.3\commons-jxpath-1.3.jar;C:\Users\U-11\.m2\repository\joda-time\joda-time\2.3\joda-time-2.3.jar;C:\Users\U-11\.m2\repository\org\antlr\antlr-runtime\3.4\antlr-runtime-3.4.jar;C:\Users\U-11\.m2\repository\org\antlr\stringtemplate\3.2.1\stringtemplate-3.2.1.jar;C:\Users\U-11\.m2\repository\com\google\code\gson\gson\2.8.9\gson-2.8.9.jar;C:\Users\U-11\.m2\repository\org\apache\commons\commons-math\2.2\commons-math-2.2.jar;C:\Users\U-11\.m2\repository\com\thoughtworks\xstream\xstream\1.4.14\xstream-1.4.14.jar;C:\Users\U-11\.m2\repository\xmlpull\xmlpull\1.1.3.1\xmlpull-1.1.3.1.jar;C:\Users\U-11\.m2\repository\xpp3\xpp3_min\1.1.4c\xpp3_min-1.1.4c.jar;C:\Users\U-11\.m2\repository\javax\ws\rs\jsr311-api\1.1.1\jsr311-api-1.1.1.jar;C:\Users\U-11\.m2\repository\com\netflix\servo\servo-core\0.12.21\servo-core-0.12.21.jar;C:\Users\U-11\.m2\repository\org\apache\httpcomponents\httpclient\4.5.13\httpclient-4.5.13.jar;C:\Users\U-11\.m2\repository\org\apache\httpcomponents\httpcore\4.4.14\httpcore-4.4.14.jar;C:\Users\U-11\.m2\repository\commons-codec\commons-codec\1.15\commons-codec-1.15.jar;C:\Users\U-11\.m2\repository\commons-configuration\commons-configuration\1.10\commons-configuration-1.10.jar;C:\Users\U-11\.m2\repository\commons-lang\commons-lang\2.6\commons-lang-2.6.jar;C:\Users\U-11\.m2\repository\com\google\inject\guice\4.1.0\guice-4.1.0.jar;C:\Users\U-11\.m2\repository\javax\inject\javax.inject\1\javax.inject-1.jar;C:\Users\U-11\.m2\repository\aopalliance\aopalliance\1.0\aopalliance-1.0.jar;C:\Users\U-11\.m2\repository\com\netflix\eureka\eureka-core\1.10.11\eureka-core-1.10.11.jar;C:\Users\U-11\.m2\repository\com\fasterxml\woodstox\woodstox-core\5.3.0\woodstox-core-5.3.0.jar;C:\Users\U-11\.m2\repository\org\codehaus\woodstox\stax2-api\4.2\stax2-api-4.2.jar;C:\Users\U-11\.m2\repository\org\springframework\cloud\spring-cloud-starter-loadbalancer\3.0.1\spring-cloud-starter-loadbalancer-3.0.1.jar;C:\Users\U-11\.m2\repository\org\springframework\cloud\spring-cloud-loadbalancer\3.0.1\spring-cloud-loadbalancer-3.0.1.jar;C:\Users\U-11\.m2\repository\org\springframework\boot\spring-boot-starter-validation\2.4.13\spring-boot-starter-validation-2.4.13.jar;C:\Users\U-11\.m2\repository\org\hibernate\validator\hibernate-validator\6.1.7.Final\hibernate-validator-6.1.7.Final.jar;C:\Users\U-11\.m2\repository\jakarta\validation\jakarta.validation-api\2.0.2\jakarta.validation-api-2.0.2.jar;C:\Users\U-11\.m2\repository\io\projectreactor\reactor-core\3.4.12\reactor-core-3.4.12.jar;C:\Users\U-11\.m2\repository\org\reactivestreams\reactive-streams\1.0.3\reactive-streams-1.0.3.jar;C:\Users\U-11\.m2\repository\io\projectreactor\addons\reactor-extra\3.4.5\reactor-extra-3.4.5.jar;C:\Users\U-11\.m2\repository\org\springframework\boot\spring-boot-starter-cache\2.4.13\spring-boot-starter-cache-2.4.13.jar;C:\Users\U-11\.m2\repository\org\springframework\spring-context-support\5.3.13\spring-context-support-5.3.13.jar;C:\Users\U-11\.m2\repository\com\stoyanr\evictor\1.0.0\evictor-1.0.0.jar;C:\Users\U-11\.m2\repository\org\springframework\cloud\spring-cloud-starter-config\3.0.2\spring-cloud-starter-config-3.0.2.jar;C:\Users\U-11\.m2\repository\org\springframework\cloud\spring-cloud-config-client\3.0.2\spring-cloud-config-client-3.0.2.jar;C:\Users\U-11\.m2\repository\org\springframework\boot\spring-boot-starter-actuator\2.4.13\spring-boot-starter-actuator-2.4.13.jar;C:\Users\U-11\.m2\repository\org\springframework\boot\spring-boot-actuator-autoconfigure\2.4.13\spring-boot-actuator-autoconfigure-2.4.13.jar;C:\Users\U-11\.m2\repository\org\springframework\boot\spring-boot-actuator\2.4.13\spring-boot-actuator-2.4.13.jar;C:\Users\U-11\.m2\repository\io\micrometer\micrometer-core\1.6.13\micrometer-core-1.6.13.jar;C:\Users\U-11\.m2\repository\org\hdrhistogram\HdrHistogram\2.1.12\HdrHistogram-2.1.12.jar;C:\Users\U-11\.m2\repository\org\latencyutils\LatencyUtils\2.0.3\LatencyUtils-2.0.3.jar;C:\Users\U-11\.m2\repository\org\springframework\boot\spring-boot-starter-data-jpa\2.4.13\spring-boot-starter-data-jpa-2.4.13.jar;C:\Users\U-11\.m2\repository\org\springframework\boot\spring-boot-starter-aop\2.4.13\spring-boot-starter-aop-2.4.13.jar;C:\Users\U-11\.m2\repository\org\aspectj\aspectjweaver\1.9.7\aspectjweaver-1.9.7.jar;C:\Users\U-11\.m2\repository\org\springframework\boot\spring-boot-starter-jdbc\2.4.13\spring-boot-starter-jdbc-2.4.13.jar;C:\Users\U-11\.m2\repository\com\zaxxer\HikariCP\3.4.5\HikariCP-3.4.5.jar;C:\Users\U-11\.m2\repository\jakarta\transaction\jakarta.transaction-api\1.3.3\jakarta.transaction-api-1.3.3.jar;C:\Users\U-11\.m2\repository\jakarta\persistence\jakarta.persistence-api\2.2.3\jakarta.persistence-api-2.2.3.jar;C:\Users\U-11\.m2\repository\org\hibernate\hibernate-core\5.4.32.Final\hibernate-core-5.4.32.Final.jar;C:\Users\U-11\.m2\repository\org\jboss\logging\jboss-logging\3.4.2.Final\jboss-logging-3.4.2.Final.jar;C:\Users\U-11\.m2\repository\org\javassist\javassist\3.27.0-GA\javassist-3.27.0-GA.jar;C:\Users\U-11\.m2\repository\antlr\antlr\2.7.7\antlr-2.7.7.jar;C:\Users\U-11\.m2\repository\org\jboss\jandex\2.2.3.Final\jandex-2.2.3.Final.jar;C:\Users\U-11\.m2\repository\org\dom4j\dom4j\2.1.3\dom4j-2.1.3.jar;C:\Users\U-11\.m2\repository\org\hibernate\common\hibernate-commons-annotations\5.1.2.Final\hibernate-commons-annotations-5.1.2.Final.jar;C:\Users\U-11\.m2\repository\org\springframework\data\spring-data-jpa\2.4.15\spring-data-jpa-2.4.15.jar;C:\Users\U-11\.m2\repository\org\springframework\data\spring-data-commons\2.4.15\spring-data-commons-2.4.15.jar;C:\Users\U-11\.m2\repository\org\springframework\spring-orm\5.3.13\spring-orm-5.3.13.jar;C:\Users\U-11\.m2\repository\org\springframework\spring-aspects\5.3.13\spring-aspects-5.3.13.jar;C:\Users\U-11\.m2\repository\org\postgresql\postgresql\42.2.24\postgresql-42.2.24.jar;C:\Users\U-11\.m2\repository\org\checkerframework\checker-qual\3.5.0\checker-qual-3.5.0.jar;C:\Users\U-11\.m2\repository\org\xerial\sqlite-jdbc\3.32.3.3\sqlite-jdbc-3.32.3.3.jar;C:\Users\U-11\.m2\repository\org\springframework\spring-oxm\5.3.13\spring-oxm-5.3.13.jar;C:\Users\U-11\.m2\repository\org\springframework\spring-beans\5.3.13\spring-beans-5.3.13.jar;C:\Users\U-11\.m2\repository\org\springframework\spring-jdbc\5.3.13\spring-jdbc-5.3.13.jar;C:\Users\U-11\.m2\repository\org\springframework\spring-tx\5.3.13\spring-tx-5.3.13.jar;C:\Users\U-11\.m2\repository\org\springframework\batch\spring-batch-core\4.3.4\spring-batch-core-4.3.4.jar;C:\Users\U-11\.m2\repository\javax\batch\javax.batch-api\1.0\javax.batch-api-1.0.jar;C:\Users\U-11\.m2\repository\org\codehaus\jettison\jettison\1.2\jettison-1.2.jar;C:\Users\U-11\.m2\repository\org\springframework\batch\spring-batch-infrastructure\4.3.4\spring-batch-infrastructure-4.3.4.jar;C:\Users\U-11\.m2\repository\org\springframework\retry\spring-retry\1.3.1\spring-retry-1.3.1.jar;C:\Users\U-11\.m2\repository\org\springframework\spring-aop\5.3.13\spring-aop-5.3.13.jar;C:\Users\U-11\.m2\repository\org\springframework\spring-context\5.3.13\spring-context-5.3.13.jar;C:\Users\U-11\.m2\repository\org\junit\platform\junit-platform-commons\1.7.2\junit-platform-commons-1.7.2.jar;C:\Users\U-11\.m2\repository\org\apiguardian\apiguardian-api\1.1.0\apiguardian-api-1.1.0.jar;C:\Users\U-11\.m2\repository\org\junit\jupiter\junit-jupiter-api\5.7.2\junit-jupiter-api-5.7.2.jar;C:\Users\U-11\.m2\repository\org\opentest4j\opentest4j\1.2.0\opentest4j-1.2.0.jar;C:\Users\U-11\.m2\repository\org\mockito\mockito-core\3.6.28\mockito-core-3.6.28.jar;C:\Users\U-11\.m2\repository\net\bytebuddy\byte-buddy\1.10.22\byte-buddy-1.10.22.jar;C:\Users\U-11\.m2\repository\net\bytebuddy\byte-buddy-agent\1.10.22\byte-buddy-agent-1.10.22.jar;C:\Users\U-11\.m2\repository\org\objenesis\objenesis\3.1\objenesis-3.1.jar;C:\Users\U-11\.m2\repository\junit\junit\4.13.2\junit-4.13.2.jar;C:\Users\U-11\.m2\repository\org\hamcrest\hamcrest-core\2.2\hamcrest-core-2.2.jar;"/>
    <property name="sun.cpu.endian" value="little"/>
    <property name="user.home" value="C:\Users\U-11"/>
    <property name="user.language" value="it"/>
    <property name="java.specification.vendor" value="Oracle Corporation"/>
    <property name="java.home" value="C:\Program Files\Java\jdk1.8.0_202\jre"/>
    <property name="basedir" value="C:\Users\U-11\Desktop\NTTRepo\knife-swagger-api"/>
    <property name="style.color" value="always"/>
    <property name="file.separator" value="\"/>
    <property name="line.separator" value="&#10;"/>
    <property name="java.vm.specification.vendor" value="Oracle Corporation"/>
    <property name="java.specification.name" value="Java Platform API Specification"/>
    <property name="java.awt.graphicsenv" value="sun.awt.Win32GraphicsEnvironment"/>
    <property name="surefire.real.class.path" value="C:\Users\U-11\AppData\Local\Temp\surefire5983642783818870863\surefirebooter1032626583166693454.jar"/>
    <property name="sun.boot.class.path" value="C:\Program Files\Java\jdk1.8.0_202\jre\lib\resources.jar;C:\Program Files\Java\jdk1.8.0_202\jre\lib\rt.jar;C:\Program Files\Java\jdk1.8.0_202\jre\lib\sunrsasign.jar;C:\Program Files\Java\jdk1.8.0_202\jre\lib\jsse.jar;C:\Program Files\Java\jdk1.8.0_202\jre\lib\jce.jar;C:\Program Files\Java\jdk1.8.0_202\jre\lib\charsets.jar;C:\Program Files\Java\jdk1.8.0_202\jre\lib\jfr.jar;C:\Program Files\Java\jdk1.8.0_202\jre\classes"/>
    <property name="user.script" value=""/>
    <property name="sun.management.compiler" value="HotSpot 64-Bit Tiered Compilers"/>
    <property name="java.runtime.version" value="1.8.0_202-b08"/>
    <property name="user.name" value="U-11"/>
    <property name="path.separator" value=";"/>
    <property name="os.version" value="10.0"/>
    <property name="java.endorsed.dirs" value="C:\Program Files\Java\jdk1.8.0_202\jre\lib\endorsed"/>
    <property name="java.runtime.name" value="Java(TM) SE Runtime Environment"/>
    <property name="file.encoding" value="Cp1252"/>
    <property name="java.vm.name" value="Java HotSpot(TM) 64-Bit Server VM"/>
    <property name="localRepository" value="C:\Users\U-11\.m2\repository"/>
    <property name="java.vendor.url.bug" value="http://bugreport.sun.com/bugreport/"/>
    <property name="java.io.tmpdir" value="C:\Users\U-11\AppData\Local\Temp\"/>
    <property name="java.version" value="1.8.0_202"/>
    <property name="user.dir" value="C:\Users\U-11\Desktop\NTTRepo\knife-swagger-api"/>
    <property name="os.arch" value="amd64"/>
    <property name="java.vm.specification.name" value="Java Virtual Machine Specification"/>
    <property name="java.awt.printerjob" value="sun.awt.windows.WPrinterJob"/>
    <property name="sun.os.patch.level" value=""/>
    <property name="java.library.path" value="C:\Program Files\Java\jdk1.8.0_202\jre\bin;C:\Windows\Sun\Java\bin;C:\Windows\system32;C:\Windows;C:/Users/U-11/Downloads/sts-4.14.1.RELEASE//plugins/org.eclipse.justj.openjdk.hotspot.jre.full.win32.x86_64_17.0.2.v20220201-1208/jre/bin/server;C:/Users/U-11/Downloads/sts-4.14.1.RELEASE//plugins/org.eclipse.justj.openjdk.hotspot.jre.full.win32.x86_64_17.0.2.v20220201-1208/jre/bin;C:\Program Files (x86)\Common Files\Oracle\Java\javapath;C:\ProgramData\Oracle\Java\javapath;C:\Program Files\Common Files\Oracle\Java\javapath;C:\Windows\system32;C:\Windows;C:\Windows\System32\Wbem;C:\Windows\System32\WindowsPowerShell\v1.0\;C:\Windows\System32\OpenSSH\;C:\Program Files\nodejs\;C:\Program Files\Git\cmd;C:\apache-tomcat-9.0.62;C:\Program Files\Java\jdk-17.0.1\bin;C:\Program Files\dotnet\;C:\Program Files\Microsoft SQL Server\130\Tools\Binn\;C:\Program Files\Microsoft SQL Server\Client SDK\ODBC\170\Tools\Binn\;C:\Program Files\Microsoft SQL Server\150\Tools\Binn\;C:\Program Files\Docker\Docker\resources\bin;C:\ProgramData\DockerDesktop\version-bin;C:\Program Files\Tesseract-OCR;C:\Users\U-11\AppData\Local\Programs\Python\Python310\Scripts\;C:\Users\U-11\AppData\Local\Programs\Python\Python310\;C:\Users\U-11\AppData\Local\Microsoft\WindowsApps;C:\Users\U-11\AppData\Local\GitHubDesktop\bin;C:\Users\U-11\AppData\Local\Programs\Microsoft VS Code\bin;C:\Users\U-11\AppData\Roaming\npm;C:\Users\U-11\.dotnet\tools;C:\Program Files\Java\jdk-17.0.1\bin;;C:\Users\U-11\Downloads\sts-4.14.1.RELEASE;;."/>
    <property name="java.vm.info" value="mixed mode"/>
    <property name="java.vendor" value="Oracle Corporation"/>
    <property name="java.vm.version" value="25.202-b08"/>
    <property name="java.ext.dirs" value="C:\Program Files\Java\jdk1.8.0_202\jre\lib\ext;C:\Windows\Sun\Java\lib\ext"/>
    <property name="sun.io.unicode.encoding" value="UnicodeLittle"/>
    <property name="java.class.version" value="52.0"/>
  </properties>
  <testcase name="shouldDeleteKnifeTest" classname="it.its.nttdata.demo.test.FirstJunitTest" time="1.275"/>
  <testcase name="shouldPutKnifeTest" classname="it.its.nttdata.demo.test.FirstJunitTest" time="0.489"/>
  <testcase name="shouldGetKnifeByStatusTest" classname="it.its.nttdata.demo.test.FirstJunitTest" time="0.334"/>
  <testcase name="shouldPostKnife" classname="it.its.nttdata.demo.test.FirstJunitTest" time="0.119"/>
  <testcase name="shouldPostKnifeException" classname="it.its.nttdata.demo.test.FirstJunitTest" time="0">
    <skipped message="public void it.its.nttdata.demo.test.FirstJunitTest.shouldPostKnifeException() throws java.lang.Exception is @Disabled"/>
  </testcase>
  <testcase name="shouldGetKnifeTest" classname="it.its.nttdata.demo.test.FirstJunitTest" time="0.071"/>
</testsuite>